proguard/seeds.txt
com.example.mobilesafe.MyApplication
com.example.mobilesafe.MyApplication: MyApplication()
com.example.mobilesafe.R$anim: int cycle_7
com.example.mobilesafe.R$anim: int interpolator
com.example.mobilesafe.R$anim: int next_in
com.example.mobilesafe.R$anim: int next_out
com.example.mobilesafe.R$anim: int pre_in
com.example.mobilesafe.R$anim: int pre_out
com.example.mobilesafe.R$anim: int shake
com.example.mobilesafe.R$attr: int itemTitle
com.example.mobilesafe.R$color: int function_greenbutton_textcolor_selector
com.example.mobilesafe.R$dimen: int activity_horizontal_margin
com.example.mobilesafe.R$dimen: int activity_vertical_margin
com.example.mobilesafe.R$drawable: int app
com.example.mobilesafe.R$drawable: int app_pressed
com.example.mobilesafe.R$drawable: int atools
com.example.mobilesafe.R$drawable: int bg_btn_normal
com.example.mobilesafe.R$drawable: int bg_selector_conner_blue
com.example.mobilesafe.R$drawable: int bg_selector_gray
com.example.mobilesafe.R$drawable: int bind
com.example.mobilesafe.R$drawable: int btn_default_transparent_normal
com.example.mobilesafe.R$drawable: int btn_green_normal
com.example.mobilesafe.R$drawable: int btn_green_pressed
com.example.mobilesafe.R$drawable: int btn_group_pressed_holo_dark
com.example.mobilesafe.R$drawable: int btn_group_pressed_holo_light
com.example.mobilesafe.R$drawable: int call_locate_blue
com.example.mobilesafe.R$drawable: int call_locate_darkgray
com.example.mobilesafe.R$drawable: int call_locate_gray
com.example.mobilesafe.R$drawable: int call_locate_green
com.example.mobilesafe.R$drawable: int call_locate_orange
com.example.mobilesafe.R$drawable: int callmsgsafe
com.example.mobilesafe.R$drawable: int change_color
com.example.mobilesafe.R$drawable: int dialog_background
com.example.mobilesafe.R$drawable: int function_greenbutton_normal
com.example.mobilesafe.R$drawable: int function_greenbutton_pressed
com.example.mobilesafe.R$drawable: int function_greenbutton_selector
com.example.mobilesafe.R$drawable: int ic_laun
com.example.mobilesafe.R$drawable: int ic_launcher
com.example.mobilesafe.R$drawable: int ic_menu_delete
com.example.mobilesafe.R$id: int action_settings
com.example.mobilesafe.R$id: int adLayout
com.example.mobilesafe.R$id: int bt_addbalck_activity_contact
com.example.mobilesafe.R$id: int bt_cancel_dialog
com.example.mobilesafe.R$id: int bt_cancel_edittext_dialog
com.example.mobilesafe.R$id: int bt_clearall
com.example.mobilesafe.R$id: int bt_confirm_dialog
com.example.mobilesafe.R$id: int bt_confirm_edittext_dialog
com.example.mobilesafe.R$id: int bt_locked
com.example.mobilesafe.R$id: int bt_not_lock
com.example.mobilesafe.R$id: int bt_setup3_selectcontact
com.example.mobilesafe.R$id: int bt_setup_next
com.example.mobilesafe.R$id: int bt_setup_pre
com.example.mobilesafe.R$id: int btn_clear
com.example.mobilesafe.R$id: int cb_item_setting
com.example.mobilesafe.R$id: int cb_item_task
com.example.mobilesafe.R$id: int elv_querycommaddress
com.example.mobilesafe.R$id: int et_edittext_dialog_password
com.example.mobilesafe.R$id: int et_edittext_dialog_password_confirm
com.example.mobilesafe.R$id: int et_password
com.example.mobilesafe.R$id: int et_phone
com.example.mobilesafe.R$id: int et_phone_black_dialog
com.example.mobilesafe.R$id: int et_setup3_safephone
com.example.mobilesafe.R$id: int fl_applock
com.example.mobilesafe.R$id: int fl_pb
com.example.mobilesafe.R$id: int gv_activity_home
com.example.mobilesafe.R$id: int iv_activity_safe_isProtecting
com.example.mobilesafe.R$id: int iv_bg
com.example.mobilesafe.R$id: int iv_clear
com.example.mobilesafe.R$id: int iv_icon
...
net.youmi.android.b.a.a.a.e
net.youmi.android.b.a.a.a.e: long a
net.youmi.android.b.a.a.a.e: long b
net.youmi.android.b.a.a.a.e: java.lang.String c
net.youmi.android.b.a.a.a.e: e()
net.youmi.android.b.a.a.a.e: long a()
net.youmi.android.b.a.a.a.e: void a(long)
net.youmi.android.b.a.a.a.e: void b(long)
net.youmi.android.b.a.a.a.e: long b()
net.youmi.android.b.a.a.a.e: java.lang.String c()
net.youmi.android.b.a.a.a.e: void a(java.lang.String)
net.youmi.android.b.a.a.a.e: java.lang.String toString()
net.youmi.android.b.a.a.a.f
net.youmi.android.b.a.a.a.f: boolean a
net.youmi.android.b.a.a.a.f: boolean b
net.youmi.android.b.a.a.a.f: boolean c
net.youmi.android.b.a.a.a.f: boolean d
net.youmi.android.b.a.a.a.f: boolean e
net.youmi.android.b.a.a.a.f: boolean f
net.youmi.android.b.a.a.a.f: int g
net.youmi.android.b.a.a.a.f: long h
net.youmi.android.b.a.a.a.f: f()
net.youmi.android.b.a.a.a.f: boolean a(android.content.Context,java.lang.String)
net.youmi.android.b.a.a.a.f: void a(boolean)
net.youmi.android.b.a.a.a.f: boolean a()
net.youmi.android.b.a.a.a.f: void b(boolean)
net.youmi.android.b.a.a.a.f: boolean b()
net.youmi.android.b.a.a.a.f: boolean c()
net.youmi.android.b.a.a.a.f: int d()
net.youmi.android.b.a.a.a.f: java.lang.String toString()
net.youmi.android.b.a.a.a.g
net.youmi.android.b.a.a.a.g: long b
net.youmi.android.b.a.a.a.g: java.lang.String c
net.youmi.android.b.a.a.a.g: java.lang.String d
net.youmi.android.b.a.a.a.g: java.lang.String e
net.youmi.android.b.a.a.a.g: java.lang.String f
net.youmi.android.b.a.a.a.g: java.lang.String g
net.youmi.android.b.a.a.a.g: int a
net.youmi.android.b.a.a.a.g: g()
net.youmi.android.b.a.a.a.g: long a()
net.youmi.android.b.a.a.a.g: void a(long)
net.youmi.android.b.a.a.a.g: java.lang.String b()
net.youmi.android.b.a.a.a.g: void a(java.lang.String)
net.youmi.android.b.a.a.a.g: java.lang.String c()
net.youmi.android.b.a.a.a.g: void b(java.lang.String)
net.youmi.android.b.a.a.a.g: java.lang.String d()
net.youmi.android.b.a.a.a.g: void c(java.lang.String)
net.youmi.android.b.a.a.a.g: java.lang.String e()
net.youmi.android.b.a.a.a.g: void d(java.lang.String)
net.youmi.android.b.a.a.a.g: java.lang.String f()
net.youmi.android.b.a.a.a.g: void e(java.lang.String)
net.youmi.android.b.a.a.a.g: int g()
net.youmi.android.b.a.a.a.g: void a(int)
net.youmi.android.b.a.a.a.g: java.lang.String toString()
net.youmi.android.b.a.a.a.h
net.youmi.android.b.a.a.a.h: long a
net.youmi.android.b.a.a.a.h: int b
net.youmi.android.b.a.a.a.h: h()
net.youmi.android.b.a.a.a.h: long a()
net.youmi.android.b.a.a.a.h: void a(long)
net.youmi.android.b.a.a.a.h: int b()
net.youmi.android.b.a.a.a.h: void a(int)
net.youmi.android.b.a.a.a.i
net.youmi.android.b.a.a.a.i: int a
net.youmi.android.b.a.a.a.i: java.lang.String b
net.youmi.android.b.a.a.a.i: int c
net.youmi.android.b.a.a.a.i: i()
net.youmi.android.b.a.a.a.i: java.lang.String a()
net.youmi.android.b.a.a.a.i: void a(java.lang.String)
net.youmi.android.b.a.a.a.i: int b()
net.youmi.android.b.a.a.a.i: void a(int)
net.youmi.android.b.a.a.a.i: int c()
net.youmi.android.b.a.a.a.i: void b(int)
net.youmi.android.b.a.a.a.j
net.youmi.android.b.a.a.a.j: long a
net.youmi.android.b.a.a.a.j: java.util.List b
net.youmi.android.b.a.a.a.j: j()
net.youmi.android.b.a.a.a.j: long a()
net.youmi.android.b.a.a.a.j: void a(long)
net.youmi.android.b.a.a.a.j: java.util.List b()
net.youmi.android.b.a.a.a.j: void a(net.youmi.android.b.a.a.a.i)
net.youmi.android.b.a.a.a.j: java.lang.String toString()