proguard/mapping.txt
com.example.mobilesafe.MyApplication -> com.example.mobilesafe.MyApplication:
    java.lang.StringBuilder sb -> a
    void onCreate() -> onCreate
    java.lang.StringBuilder access$0(com.example.mobilesafe.MyApplication) -> a
com.example.mobilesafe.MyApplication$1 -> com.example.mobilesafe.a:
    com.example.mobilesafe.MyApplication this$0 -> a
    void uncaughtException(java.lang.Thread,java.lang.Throwable) -> uncaughtException
com.example.mobilesafe.activities.AToolsActivity -> com.example.mobilesafe.activities.AToolsActivity:
    void onCreate(android.os.Bundle) -> onCreate
    void queryAddress(android.view.View) -> queryAddress
    void queryCommAddress(android.view.View) -> queryCommAddress
    void saveSMS(android.view.View) -> saveSMS
    void loadSMS(android.view.View) -> loadSMS
    void appLock(android.view.View) -> appLock
com.example.mobilesafe.activities.AToolsActivity$1 -> com.example.mobilesafe.activities.a:
    com.example.mobilesafe.activities.AToolsActivity this$0 -> a
    com.example.mobilesafe.engine.SmsTools val$smsTools -> b
    android.app.ProgressDialog val$progressDialog -> c
    void run() -> run
com.example.mobilesafe.activities.AToolsActivity$1$1 -> com.example.mobilesafe.activities.b:
    com.example.mobilesafe.activities.AToolsActivity$1 this$1 -> a
    android.app.ProgressDialog val$progressDialog -> b
    void SmsProgressCount(int) -> a
    void SmsCount(int) -> b
com.example.mobilesafe.activities.AToolsActivity$2 -> com.example.mobilesafe.activities.c:
    com.example.mobilesafe.activities.AToolsActivity this$0 -> a
    com.example.mobilesafe.engine.SmsTools val$smsTools -> b
    android.app.ProgressDialog val$progressDialog -> c
    void run() -> run
com.example.mobilesafe.activities.AToolsActivity$2$1 -> com.example.mobilesafe.activities.d:
    com.example.mobilesafe.activities.AToolsActivity$2 this$1 -> a
    android.app.ProgressDialog val$progressDialog -> b
    void SmsProgressCount(int) -> a
    void SmsCount(int) -> b
com.example.mobilesafe.activities.AppLockActivity -> com.example.mobilesafe.activities.AppLockActivity:
    android.widget.ListView listview_applock_notlock -> b
    android.widget.TextView tv_count_applock -> c
    com.example.mobilesafe.activities.AppLockActivity$MyAdapter unlockAdapter -> d
    com.example.mobilesafe.activities.AppLockActivity$MyAdapter lockedAdapter -> e
    java.util.List appInfos -> f
    java.util.List unlockAppInfos -> g
    java.util.List lockedAppInfos -> h
    boolean isUnlockPage -> i
    android.os.Handler handler -> a
    com.example.mobilesafe.dao.AppLockDao dao -> j
    android.widget.TextView bt_locked -> k
    android.widget.TextView bt_unlock -> l
    android.widget.ListView listview_applock_locked -> m
    void onCreate(android.os.Bundle) -> onCreate
    void initView() -> a
    void initData() -> b
    void initListener() -> c
    void onDestroy() -> onDestroy
    void access$0(com.example.mobilesafe.activities.AppLockActivity,com.example.mobilesafe.activities.AppLockActivity$MyAdapter) -> a
    android.widget.ListView access$1(com.example.mobilesafe.activities.AppLockActivity) -> a
    com.example.mobilesafe.activities.AppLockActivity$MyAdapter access$2(com.example.mobilesafe.activities.AppLockActivity) -> b
    void access$3(com.example.mobilesafe.activities.AppLockActivity,com.example.mobilesafe.activities.AppLockActivity$MyAdapter) -> b
    android.widget.ListView access$4(com.example.mobilesafe.activities.AppLockActivity) -> c
com.example.mobilesafe.activities.AppLockActivity$1 -> com.example.mobilesafe.activities.e:
    com.example.mobilesafe.activities.AppLockActivity this$0 -> a
    void handleMessage(android.os.Message) -> handleMessage
com.example.mobilesafe.activities.AppLockActivity$2 -> com.example.mobilesafe.activities.f:
    com.example.mobilesafe.activities.AppLockActivity this$0 -> a
    void run() -> run
...
net.youmi.android.b.b.g.f.a -> net.youmi.android.b.b.g.f.a:
    java.lang.String a -> a
    boolean b -> b
    int c -> c
    void a(android.content.Context,net.youmi.android.b.b.g.a.d,net.youmi.android.b.b.g.e.a,net.youmi.android.b.b.g.d.e) -> a
net.youmi.android.b.b.g.f.b -> net.youmi.android.b.b.g.f.b:
    void a(android.content.Context,net.youmi.android.b.b.g.a.d,net.youmi.android.b.b.g.e.a,net.youmi.android.b.b.g.d.e) -> a
net.youmi.android.b.b.g.f.c -> net.youmi.android.b.b.g.f.c:
    void a(android.content.Context,net.youmi.android.b.b.g.a.d,net.youmi.android.b.b.g.e.a,net.youmi.android.b.b.g.d.e) -> a
net.youmi.android.b.b.g.f.d -> net.youmi.android.b.b.g.f.d:
    void a(android.content.Context,net.youmi.android.b.b.g.a.d,net.youmi.android.b.b.g.e.a,net.youmi.android.b.b.g.d.e) -> a
net.youmi.android.b.b.g.f.e -> net.youmi.android.b.b.g.f.e:
    void a(android.content.Context,net.youmi.android.b.b.g.a.d,net.youmi.android.b.b.g.e.a,net.youmi.android.b.b.g.d.e) -> a
net.youmi.android.b.b.g.f.f -> net.youmi.android.b.b.g.f.f:
    long e -> e
    boolean f -> f
    long d -> d
    void a(android.content.Context,net.youmi.android.b.b.g.a.d,net.youmi.android.b.b.g.e.a,net.youmi.android.b.b.g.d.e) -> a
net.youmi.android.b.b.g.f.g -> net.youmi.android.b.b.g.f.g:
    void a(android.content.Context,net.youmi.android.b.b.g.a.d,net.youmi.android.b.b.g.e.a,net.youmi.android.b.b.g.d.e) -> a
net.youmi.android.b.b.g.f.h -> net.youmi.android.b.b.g.f.h:
    long d -> d
    int e -> e
    boolean f -> f
    void a(android.content.Context,net.youmi.android.b.b.g.a.d,net.youmi.android.b.b.g.e.a,net.youmi.android.b.b.g.d.e) -> a
net.youmi.android.b.b.g.f.i -> net.youmi.android.b.b.g.f.i:
    void a(android.content.Context,net.youmi.android.b.b.g.a.d,net.youmi.android.b.b.g.e.a,net.youmi.android.b.b.g.d.e) -> a
net.youmi.android.b.b.g.g.a -> net.youmi.android.b.b.g.g.a:
    net.youmi.android.b.b.g.d.f a -> a
    java.lang.String b -> b
    java.lang.String c -> c
    boolean d -> d
    void a() -> a
    void b() -> b
    void onDownloadStart(java.lang.String,java.lang.String,java.lang.String,java.lang.String,long) -> onDownloadStart
    void run() -> run
net.youmi.android.b.b.g.g.b -> net.youmi.android.b.b.g.g.b:
    boolean onJsAlert(android.webkit.WebView,java.lang.String,java.lang.String,android.webkit.JsResult) -> onJsAlert
    boolean onJsConfirm(android.webkit.WebView,java.lang.String,java.lang.String,android.webkit.JsResult) -> onJsConfirm
    boolean onJsPrompt(android.webkit.WebView,java.lang.String,java.lang.String,java.lang.String,android.webkit.JsPromptResult) -> onJsPrompt
net.youmi.android.b.b.g.g.c -> net.youmi.android.b.b.g.g.c:
    boolean shouldOverrideUrlLoading(android.webkit.WebView,java.lang.String) -> shouldOverrideUrlLoading
    void onReceivedError(android.webkit.WebView,int,java.lang.String,java.lang.String) -> onReceivedError
net.youmi.android.b.b.h.a -> net.youmi.android.b.b.h.a:
net.youmi.android.b.b.h.b -> net.youmi.android.b.b.h.b:
    java.lang.String a(java.lang.String) -> a
    java.lang.String a(java.lang.String,java.lang.String) -> a
    java.lang.String a(java.lang.String,java.lang.String,java.lang.String) -> a
    java.lang.String a(byte[],java.lang.String) -> a
net.youmi.android.b.b.h.c -> net.youmi.android.b.b.h.c:
    java.util.concurrent.Executor a -> a
    java.util.concurrent.Executor a() -> a
    java.util.concurrent.Executor b() -> b
net.youmi.android.b.b.h.d -> net.youmi.android.b.b.h.d:
    java.util.concurrent.atomic.AtomicInteger a -> a
    java.util.concurrent.atomic.AtomicInteger b -> b
    java.lang.ThreadGroup c -> c
    java.lang.String d -> d
    int e -> e
    java.lang.Thread newThread(java.lang.Runnable) -> newThread