proguard/usage.txt
com.example.mobilesafe.BuildConfig
com.example.mobilesafe.R
com.example.mobilesafe.R$anim
com.example.mobilesafe.R$attr
com.example.mobilesafe.R$color
com.example.mobilesafe.R$dimen
com.example.mobilesafe.R$drawable
com.example.mobilesafe.R$id
com.example.mobilesafe.R$layout
com.example.mobilesafe.R$menu
com.example.mobilesafe.R$raw
com.example.mobilesafe.R$string
com.example.mobilesafe.R$style
com.example.mobilesafe.R$styleable
com.example.mobilesafe.R$xml
com.example.mobilesafe.activities.ClearCacheActivity:
    static final int SCANNING
    protected static final int SCAN_FINISH
    protected static final int REFRESH
com.example.mobilesafe.activities.ContactActivity:
    private static final int LOADING
    private static final int LOAD_COMPLET
com.example.mobilesafe.activities.SplashActivity:
    protected static final int UPDATE
com.example.mobilesafe.bean.ContactInfo:
    20:20:public java.lang.String getName()
com.example.mobilesafe.dao.PhoneAddressDao:
    9:9:public PhoneAddressDao()
com.example.mobilesafe.engine.AppInfoTool:
    14:14:public AppInfoTool()
com.example.mobilesafe.engine.TaskInfoTool:
    25:25:public TaskInfoTool()
com.example.mobilesafe.test.Test
com.example.mobilesafe.utiles.ContactDbUtiles:
    20:20:public ContactDbUtiles()
    54:63:public static boolean updateTypeByPhone(android.content.Context,java.lang.String,java.lang.String)
    86:103:public static java.util.List getAllBlackInfo(android.content.Context)
com.example.mobilesafe.utiles.CursorUtils
com.example.mobilesafe.utiles.InputStringUtiles:
    7:7:public InputStringUtiles()
com.example.mobilesafe.utiles.IntentUtiles:
    12:12:public IntentUtiles()
com.example.mobilesafe.utiles.Logger
com.example.mobilesafe.utiles.MD5Utiles:
    10:10:public MD5Utiles()
com.example.mobilesafe.utiles.ServiceUtiles:
    9:9:public ServiceUtiles()
com.example.mobilesafe.utiles.ToastUtiles:
    11:11:public ToastUtiles()
com.example.mobilesafe.utiles.VersionUtiles:
    8:8:public VersionUtiles()
...
android.support.v4.widget.SearchViewCompat$SearchViewCompatIcsImpl
android.support.v4.widget.SearchViewCompat$SearchViewCompatImpl
android.support.v4.widget.SearchViewCompat$SearchViewCompatStubImpl
android.support.v4.widget.SearchViewCompatHoneycomb
android.support.v4.widget.SearchViewCompatHoneycomb$1
android.support.v4.widget.SearchViewCompatHoneycomb$2
android.support.v4.widget.SearchViewCompatHoneycomb$OnCloseListenerCompatBridge
android.support.v4.widget.SearchViewCompatHoneycomb$OnQueryTextListenerCompatBridge
android.support.v4.widget.SearchViewCompatIcs
android.support.v4.widget.SearchViewCompatIcs$MySearchView
android.support.v4.widget.SimpleCursorAdapter
android.support.v4.widget.SimpleCursorAdapter$CursorToStringConverter
android.support.v4.widget.SimpleCursorAdapter$ViewBinder
android.support.v4.widget.SlidingPaneLayout
android.support.v4.widget.SlidingPaneLayout$1
android.support.v4.widget.SlidingPaneLayout$AccessibilityDelegate
android.support.v4.widget.SlidingPaneLayout$DisableLayerRunnable
android.support.v4.widget.SlidingPaneLayout$DragHelperCallback
android.support.v4.widget.SlidingPaneLayout$LayoutParams
android.support.v4.widget.SlidingPaneLayout$PanelSlideListener
android.support.v4.widget.SlidingPaneLayout$SavedState
android.support.v4.widget.SlidingPaneLayout$SavedState$1
android.support.v4.widget.SlidingPaneLayout$SimplePanelSlideListener
android.support.v4.widget.SlidingPaneLayout$SlidingPanelLayoutImpl
android.support.v4.widget.SlidingPaneLayout$SlidingPanelLayoutImplBase
android.support.v4.widget.SlidingPaneLayout$SlidingPanelLayoutImplJB
android.support.v4.widget.SlidingPaneLayout$SlidingPanelLayoutImplJBMR1
android.support.v4.widget.SwipeProgressBar
android.support.v4.widget.SwipeRefreshLayout
android.support.v4.widget.SwipeRefreshLayout$1
android.support.v4.widget.SwipeRefreshLayout$2
android.support.v4.widget.SwipeRefreshLayout$3
android.support.v4.widget.SwipeRefreshLayout$4
android.support.v4.widget.SwipeRefreshLayout$5
android.support.v4.widget.SwipeRefreshLayout$6
android.support.v4.widget.SwipeRefreshLayout$7
android.support.v4.widget.SwipeRefreshLayout$8
android.support.v4.widget.SwipeRefreshLayout$OnRefreshListener
android.support.v4.widget.ViewDragHelper
android.support.v4.widget.ViewDragHelper$1
android.support.v4.widget.ViewDragHelper$2
android.support.v4.widget.ViewDragHelper$Callback
com.android.internal.telephony.ITelephony$Stub:
    private static final java.lang.String DESCRIPTOR
    static final int TRANSACTION_dial
    static final int TRANSACTION_call
    static final int TRANSACTION_showCallScreen
    static final int TRANSACTION_showCallScreenWithDialpad
    static final int TRANSACTION_endCall
    static final int TRANSACTION_answerRingingCall
    static final int TRANSACTION_silenceRinger
    static final int TRANSACTION_isOffhook
    static final int TRANSACTION_isRinging
    static final int TRANSACTION_isIdle
    static final int TRANSACTION_isRadioOn
    static final int TRANSACTION_isSimPinEnabled
    static final int TRANSACTION_cancelMissedCallsNotification
    static final int TRANSACTION_supplyPin
    static final int TRANSACTION_handlePinMmi
    static final int TRANSACTION_toggleRadioOnOff
    static final int TRANSACTION_setRadio
    static final int TRANSACTION_updateServiceLocation
    static final int TRANSACTION_enableLocationUpdates
    static final int TRANSACTION_disableLocationUpdates
    static final int TRANSACTION_enableApnType
    static final int TRANSACTION_disableApnType
    static final int TRANSACTION_enableDataConnectivity
    static final int TRANSACTION_disableDataConnectivity
    static final int TRANSACTION_isDataConnectivityPossible
    static final int TRANSACTION_getCellLocation
    static final int TRANSACTION_getNeighboringCellInfo
    static final int TRANSACTION_getCallState
com.android.internal.telephony.ITelephony$Stub$Proxy:
    385:385:public java.lang.String getInterfaceDescriptor()
com.lidroid.xutils.BitmapUtils